[PhaseTime] set up everything about VM ( 0.003s )
[PhaseTime] parse source code to Ast structure ( 0.224s )
[PhaseTime] dump Ast to *.dot file ( 0.161s )
[PhaseTime] generate bytecode from Ast ( 0.045s )
[PhaseTime] dump bytecode ( 0.009s )
[PhaseTime] execute bytecodes via simple c++ interpreter ( 0.014s )
[PhaseTime] set up everything about VM ( 0.002s )
[PhaseTime] parse source code to Ast structure ( 0.189s )
[PhaseTime] dump Ast to *.dot file ( 0.241s )
[PhaseTime] generate bytecode from Ast ( 0.073s )
[PhaseTime] dump bytecode ( 0.036s )
[PhaseTime] set up everything about VM ( 0.003s )
[PhaseTime] parse source code to Ast structure ( 0.194s )
[PhaseTime] dump Ast to *.dot file ( 0.222s )
[PhaseTime] generate bytecode from Ast ( 0.047s )
[PhaseTime] dump bytecode ( 0.034s )
[PhaseTime] set up everything about VM ( 0.003s )
[PhaseTime] parse source code to Ast structure ( 0.184s )
[PhaseTime] dump Ast to *.dot file ( 0.226s )
[PhaseTime] generate bytecode from Ast ( 0.086s )
[PhaseTime] dump bytecode ( 0.009s )
[PhaseTime] set up everything about VM ( 0.005s )
[PhaseTime] parse source code to Ast structure ( 0.184s )
[PhaseTime] dump Ast to *.dot file ( 0.233s )
[PhaseTime] generate bytecode from Ast ( 0.079s )
[PhaseTime] dump bytecode ( 0.01s )
[PhaseTime] set up everything about VM ( 0.003s )
[PhaseTime] parse source code to Ast structure ( 0.164s )
[PhaseTime] dump Ast to *.dot file ( 0.186s )
[PhaseTime] generate bytecode from Ast ( 0.035s )
[PhaseTime] dump bytecode ( 0.004s )
[PhaseTime] execute bytecodes via simple c++ interpreter ( 0.012s )
[PhaseTime] set up everything about VM ( 0.004s )
[PhaseTime] set up everything about VM ( 0.004s )
[PhaseTime] parse source code to Ast structure ( 0.444s )
[PhaseTime] dump Ast to *.dot file ( 0.536s )
[PhaseTime] generate bytecode from Ast ( 0.08s )
[PhaseTime] dump bytecode ( 0.124s )
[PhaseTime] set up everything about VM ( 0.003s )
[PhaseTime] parse source code to Ast structure ( 0.159s )
[PhaseTime] dump Ast to *.dot file ( 0.106s )
[PhaseTime] generate bytecode from Ast ( 0.04s )
[PhaseTime] dump bytecode ( 0.004s )
[PhaseTime] execute bytecodes via simple c++ interpreter ( 0.01s )
[PhaseTime] set up everything about VM ( 0.003s )
[PhaseTime] parse source code to Ast structure ( 0.151s )
[PhaseTime] dump Ast to *.dot file ( 0.099s )
[PhaseTime] generate bytecode from Ast ( 0.049s )
[PhaseTime] dump bytecode ( 0.019s )
[PhaseTime] set up everything about VM ( 0.002s )
[PhaseTime] set up everything about VM ( 0.003s )
[PhaseTime] parse source code to Ast structure ( 0.16s )
[PhaseTime] dump Ast to *.dot file ( 0.228s )
[PhaseTime] set up everything about VM ( 0.003s )
[PhaseTime] parse source code to Ast structure ( 0.301s )
[PhaseTime] dump Ast to *.dot file ( 0.537s )
[PhaseTime] generate bytecode from Ast ( 0.087s )
[PhaseTime] dump bytecode ( 0.135s )
[PhaseTime] execute bytecodes via simple c++ interpreter ( 0.199s )
[PhaseTime] set up everything about VM ( 0.002s )
[PhaseTime] parse source code to Ast structure ( 0.097s )
[PhaseTime] dump Ast to *.dot file ( 0.108s )
[PhaseTime] generate bytecode from Ast ( 0.022s )
[PhaseTime] dump bytecode ( 0.018s )
[PhaseTime] execute bytecodes via simple c++ interpreter ( 0.048s )
[PhaseTime] set up everything about VM ( 0.003s )
[PhaseTime] parse source code to Ast structure ( 0.267s )
[PhaseTime] dump Ast to *.dot file ( 0.399s )
[PhaseTime] generate bytecode from Ast ( 0.024s )
[PhaseTime] dump bytecode ( 0.009s )
[PhaseTime] execute bytecodes via simple c++ interpreter ( 0.012s )
[PhaseTime] set up everything about VM ( 0.003s )
[PhaseTime] parse source code to Ast structure ( 0.142s )
[PhaseTime] dump Ast to *.dot file ( 0.24s )
[PhaseTime] generate bytecode from Ast ( 0.058s )
[PhaseTime] dump bytecode ( 0.068s )
[PhaseTime] execute bytecodes via simple c++ interpreter ( 0.11s )
[PhaseTime] set up everything about VM ( 0.003s )
[PhaseTime] parse source code to Ast structure ( 0.134s )
[PhaseTime] dump Ast to *.dot file ( 0.207s )
[PhaseTime] generate bytecode from Ast ( 0.055s )
[PhaseTime] dump bytecode ( 0.029s )
[PhaseTime] set up everything about VM ( 0.002s )
[PhaseTime] parse source code to Ast structure ( 0.358s )
[PhaseTime] dump Ast to *.dot file ( 0.498s )
[PhaseTime] generate bytecode from Ast ( 0.11s )
[PhaseTime] dump bytecode ( 0.036s )
[PhaseTime] set up everything about VM ( 0.003s )
[PhaseTime] parse source code to Ast structure ( 0.014s )
[PhaseTime] dump Ast to *.dot file ( 0.026s )
[PhaseTime] generate bytecode from Ast ( 0.005s )
[PhaseTime] dump bytecode ( 0.004s )
[PhaseTime] execute bytecodes via simple c++ interpreter ( 0.02s )
[PhaseTime] set up everything about VM ( 0.003s )
[PhaseTime] parse source code to Ast structure ( 0.132s )
[PhaseTime] dump Ast to *.dot file ( 0.169s )
[PhaseTime] generate bytecode from Ast ( 0.049s )
[PhaseTime] dump bytecode ( 0.041s )
[PhaseTime] set up everything about VM ( 0.003s )
[PhaseTime] parse source code to Ast structure ( 0.24s )
[PhaseTime] dump Ast to *.dot file ( 0.38s )
[PhaseTime] generate bytecode from Ast ( 0.064s )
[PhaseTime] dump bytecode ( 0.087s )
[PhaseTime] set up everything about VM ( 0.004s )
[PhaseTime] parse source code to Ast structure ( 0.237s )
[PhaseTime] dump Ast to *.dot file ( 0.29s )
[PhaseTime] generate bytecode from Ast ( 0.057s )
[PhaseTime] dump bytecode ( 0.113s )
[PhaseTime] set up everything about VM ( 0.003s )
[PhaseTime] parse source code to Ast structure ( 0.338s )
[PhaseTime] dump Ast to *.dot file ( 0.504s )
[PhaseTime] generate bytecode from Ast ( 0.156s )
[PhaseTime] dump bytecode ( 0.018s )
[PhaseTime] set up everything about VM ( 0.003s )
[PhaseTime] parse source code to Ast structure ( 0.13s )
[PhaseTime] dump Ast to *.dot file ( 0.216s )
[PhaseTime] generate bytecode from Ast ( 0.053s )
[PhaseTime] dump bytecode ( 0.05s )
[PhaseTime] set up everything about VM ( 0.003s )
[PhaseTime] parse source code to Ast structure ( 0.117s )
[PhaseTime] dump Ast to *.dot file ( 0.138s )
[PhaseTime] generate bytecode from Ast ( 0.042s )
[PhaseTime] dump bytecode ( 0.003s )
[PhaseTime] execute bytecodes via simple c++ interpreter ( 0.02s )
[PhaseTime] set up everything about VM ( 0.003s )
[PhaseTime] parse source code to Ast structure ( 0.163s )
[PhaseTime] dump Ast to *.dot file ( 0.234s )
[PhaseTime] generate bytecode from Ast ( 0.074s )
[PhaseTime] dump bytecode ( 0.044s )
[PhaseTime] set up everything about VM ( 0.003s )
[PhaseTime] parse source code to Ast structure ( 0.128s )
[PhaseTime] dump Ast to *.dot file ( 0.213s )
[PhaseTime] generate bytecode from Ast ( 0.045s )
[PhaseTime] dump bytecode ( 0.037s )
[PhaseTime] set up everything about VM ( 0.003s )
[PhaseTime] parse source code to Ast structure ( 0.155s )
[PhaseTime] dump Ast to *.dot file ( 0.234s )
[PhaseTime] generate bytecode from Ast ( 0.088s )
[PhaseTime] dump bytecode ( 0.009s )
[PhaseTime] set up everything about VM ( 0.003s )
[PhaseTime] parse source code to Ast structure ( 0.155s )
[PhaseTime] dump Ast to *.dot file ( 0.228s )
[PhaseTime] generate bytecode from Ast ( 0.085s )
[PhaseTime] dump bytecode ( 0.009s )
[PhaseTime] set up everything about VM ( 0.004s )
[PhaseTime] parse source code to Ast structure ( 0.131s )
[PhaseTime] dump Ast to *.dot file ( 0.179s )
[PhaseTime] generate bytecode from Ast ( 0.035s )
[PhaseTime] dump bytecode ( 0.003s )
[PhaseTime] execute bytecodes via simple c++ interpreter ( 0.02s )
[PhaseTime] set up everything about VM ( 0.003s )
[PhaseTime] set up everything about VM ( 0.004s )
[PhaseTime] parse source code to Ast structure ( 0.283s )
[PhaseTime] dump Ast to *.dot file ( 0.523s )
[PhaseTime] generate bytecode from Ast ( 0.083s )
[PhaseTime] dump bytecode ( 0.085s )
[PhaseTime] set up everything about VM ( 0.003s )
[PhaseTime] parse source code to Ast structure ( 0.1s )
[PhaseTime] dump Ast to *.dot file ( 0.093s )
[PhaseTime] generate bytecode from Ast ( 0.037s )
[PhaseTime] dump bytecode ( 0.003s )
[PhaseTime] execute bytecodes via simple c++ interpreter ( 0.01s )
[PhaseTime] set up everything about VM ( 0.002s )
[PhaseTime] parse source code to Ast structure ( 0.077s )
[PhaseTime] dump Ast to *.dot file ( 0.105s )
[PhaseTime] generate bytecode from Ast ( 0.048s )
[PhaseTime] dump bytecode ( 0.027s )
[PhaseTime] set up everything about VM ( 0.003s )
[PhaseTime] set up everything about VM ( 0.006s )
[PhaseTime] parse source code to Ast structure ( 0.167s )
[PhaseTime] dump Ast to *.dot file ( 0.247s )
[PhaseTime] set up everything about VM ( 0.005s )
[PhaseTime] parse source code to Ast structure ( 0.349s )
[PhaseTime] dump Ast to *.dot file ( 0.574s )
[PhaseTime] generate bytecode from Ast ( 0.1s )
[PhaseTime] dump bytecode ( 0.141s )
[PhaseTime] execute bytecodes via simple c++ interpreter ( 0.214s )
[PhaseTime] set up everything about VM ( 0.003s )
[PhaseTime] parse source code to Ast structure ( 0.077s )
[PhaseTime] dump Ast to *.dot file ( 0.101s )
[PhaseTime] generate bytecode from Ast ( 0.022s )
[PhaseTime] dump bytecode ( 0.025s )
[PhaseTime] execute bytecodes via simple c++ interpreter ( 0.054s )
[PhaseTime] set up everything about VM ( 0.003s )
[PhaseTime] parse source code to Ast structure ( 0.259s )
[PhaseTime] dump Ast to *.dot file ( 0.463s )
[PhaseTime] generate bytecode from Ast ( 0.025s )
[PhaseTime] dump bytecode ( 0.014s )
[PhaseTime] execute bytecodes via simple c++ interpreter ( 0.012s )
[PhaseTime] set up everything about VM ( 0.003s )
[PhaseTime] parse source code to Ast structure ( 0.159s )
[PhaseTime] dump Ast to *.dot file ( 0.267s )
[PhaseTime] generate bytecode from Ast ( 0.064s )
[PhaseTime] dump bytecode ( 0.072s )
[PhaseTime] execute bytecodes via simple c++ interpreter ( 0.106s )
[PhaseTime] set up everything about VM ( 0.003s )
[PhaseTime] parse source code to Ast structure ( 0.11s )
[PhaseTime] dump Ast to *.dot file ( 0.18s )
[PhaseTime] generate bytecode from Ast ( 0.06s )
[PhaseTime] dump bytecode ( 0.032s )
[PhaseTime] set up everything about VM ( 0.003s )
[PhaseTime] parse source code to Ast structure ( 0.35s )
[PhaseTime] dump Ast to *.dot file ( 0.565s )
[PhaseTime] generate bytecode from Ast ( 0.109s )
[PhaseTime] dump bytecode ( 0.038s )
[PhaseTime] set up everything about VM ( 0.003s )
[PhaseTime] parse source code to Ast structure ( 0.015s )
[PhaseTime] dump Ast to *.dot file ( 0.032s )
[PhaseTime] generate bytecode from Ast ( 0.005s )
[PhaseTime] dump bytecode ( 0.002s )
[PhaseTime] execute bytecodes via simple c++ interpreter ( 0.018s )
[PhaseTime] set up everything about VM ( 0.002s )
[PhaseTime] parse source code to Ast structure ( 0.096s )
[PhaseTime] dump Ast to *.dot file ( 0.176s )
[PhaseTime] generate bytecode from Ast ( 0.05s )
[PhaseTime] dump bytecode ( 0.063s )
[PhaseTime] set up everything about VM ( 0.004s )
[PhaseTime] parse source code to Ast structure ( 0.201s )
[PhaseTime] dump Ast to *.dot file ( 0.536s )
[PhaseTime] generate bytecode from Ast ( 0.071s )
[PhaseTime] dump bytecode ( 0.088s )
[PhaseTime] set up everything about VM ( 0.004s )
[PhaseTime] parse source code to Ast structure ( 0.176s )
[PhaseTime] dump Ast to *.dot file ( 0.331s )
[PhaseTime] generate bytecode from Ast ( 0.053s )
[PhaseTime] dump bytecode ( 0.108s )
[PhaseTime] set up everything about VM ( 0.003s )
[PhaseTime] parse source code to Ast structure ( 0.305s )
[PhaseTime] dump Ast to *.dot file ( 0.519s )
[PhaseTime] generate bytecode from Ast ( 0.153s )
[PhaseTime] dump bytecode ( 0.02s )
[PhaseTime] set up everything about VM ( 0.004s )
[PhaseTime] parse source code to Ast structure ( 0.109s )
[PhaseTime] dump Ast to *.dot file ( 0.215s )
[PhaseTime] generate bytecode from Ast ( 0.055s )
[PhaseTime] dump bytecode ( 0.07s )
[PhaseTime] set up everything about VM ( 0.003s )
[PhaseTime] parse source code to Ast structure ( 0.109s )
[PhaseTime] dump Ast to *.dot file ( 0.17s )
[PhaseTime] generate bytecode from Ast ( 0.052s )
[PhaseTime] dump bytecode ( 0.005s )
[PhaseTime] execute bytecodes via simple c++ interpreter ( 0.023s )
[PhaseTime] set up everything about VM ( 0.002s )
[PhaseTime] parse source code to Ast structure ( 0.174s )
[PhaseTime] dump Ast to *.dot file ( 0.297s )
[PhaseTime] generate bytecode from Ast ( 0.077s )
[PhaseTime] dump bytecode ( 0.036s )
[PhaseTime] set up everything about VM ( 0.004s )
[PhaseTime] parse source code to Ast structure ( 0.169s )
[PhaseTime] dump Ast to *.dot file ( 0.219s )
[PhaseTime] generate bytecode from Ast ( 0.051s )
[PhaseTime] dump bytecode ( 0.031s )
[PhaseTime] set up everything about VM ( 0.004s )
[PhaseTime] parse source code to Ast structure ( 0.142s )
[PhaseTime] dump Ast to *.dot file ( 0.22s )
[PhaseTime] generate bytecode from Ast ( 0.081s )
[PhaseTime] dump bytecode ( 0.01s )
[PhaseTime] set up everything about VM ( 0.004s )
[PhaseTime] parse source code to Ast structure ( 0.144s )
[PhaseTime] dump Ast to *.dot file ( 0.273s )
[PhaseTime] generate bytecode from Ast ( 0.081s )
[PhaseTime] dump bytecode ( 0.009s )
[PhaseTime] set up everything about VM ( 0.004s )
[PhaseTime] parse source code to Ast structure ( 0.122s )
[PhaseTime] dump Ast to *.dot file ( 0.171s )
[PhaseTime] generate bytecode from Ast ( 0.035s )
[PhaseTime] dump bytecode ( 0.003s )
[PhaseTime] execute bytecodes via simple c++ interpreter ( 0.02s )
[PhaseTime] set up everything about VM ( 0.003s )
[PhaseTime] set up everything about VM ( 0.003s )
[PhaseTime] parse source code to Ast structure ( 0.282s )
[PhaseTime] dump Ast to *.dot file ( 0.514s )
[PhaseTime] generate bytecode from Ast ( 0.073s )
[PhaseTime] dump bytecode ( 0.076s )
[PhaseTime] set up everything about VM ( 0.004s )
[PhaseTime] parse source code to Ast structure ( 0.099s )
[PhaseTime] dump Ast to *.dot file ( 0.092s )
[PhaseTime] generate bytecode from Ast ( 0.051s )
[PhaseTime] dump bytecode ( 0.002s )
[PhaseTime] execute bytecodes via simple c++ interpreter ( 0.022s )
[PhaseTime] set up everything about VM ( 0.002s )
[PhaseTime] parse source code to Ast structure ( 0.084s )
[PhaseTime] dump Ast to *.dot file ( 0.092s )
[PhaseTime] generate bytecode from Ast ( 0.048s )
[PhaseTime] dump bytecode ( 0.022s )
[PhaseTime] set up everything about VM ( 0.003s )
[PhaseTime] set up everything about VM ( 0.002s )
[PhaseTime] parse source code to Ast structure ( 0.134s )
[PhaseTime] dump Ast to *.dot file ( 0.236s )
[PhaseTime] set up everything about VM ( 0.003s )
[PhaseTime] parse source code to Ast structure ( 0.434s )
[PhaseTime] dump Ast to *.dot file ( 0.642s )
[PhaseTime] generate bytecode from Ast ( 0.103s )
[PhaseTime] dump bytecode ( 0.146s )
[PhaseTime] execute bytecodes via simple c++ interpreter ( 0.222s )
[PhaseTime] set up everything about VM ( 0.004s )
[PhaseTime] parse source code to Ast structure ( 0.119s )
[PhaseTime] dump Ast to *.dot file ( 0.092s )
[PhaseTime] generate bytecode from Ast ( 0.03s )
[PhaseTime] dump bytecode ( 0.038s )
[PhaseTime] execute bytecodes via simple c++ interpreter ( 0.086s )
[PhaseTime] set up everything about VM ( 0.003s )
[PhaseTime] parse source code to Ast structure ( 0.326s )
[PhaseTime] dump Ast to *.dot file ( 0.418s )
[PhaseTime] generate bytecode from Ast ( 0.025s )
[PhaseTime] dump bytecode ( 0.021s )
[PhaseTime] execute bytecodes via simple c++ interpreter ( 0.013s )
[PhaseTime] set up everything about VM ( 0.003s )
[PhaseTime] parse source code to Ast structure ( 0.156s )
[PhaseTime] dump Ast to *.dot file ( 0.272s )
[PhaseTime] generate bytecode from Ast ( 0.073s )
[PhaseTime] dump bytecode ( 0.066s )
[PhaseTime] execute bytecodes via simple c++ interpreter ( 0.11s )
[PhaseTime] set up everything about VM ( 0.004s )
[PhaseTime] parse source code to Ast structure ( 0.131s )
[PhaseTime] dump Ast to *.dot file ( 0.19s )
[PhaseTime] generate bytecode from Ast ( 0.058s )
[PhaseTime] dump bytecode ( 0.031s )
[PhaseTime] set up everything about VM ( 0.003s )
[PhaseTime] parse source code to Ast structure ( 0.339s )
[PhaseTime] dump Ast to *.dot file ( 0.543s )
[PhaseTime] generate bytecode from Ast ( 0.136s )
[PhaseTime] dump bytecode ( 0.038s )
[PhaseTime] set up everything about VM ( 0.002s )
[PhaseTime] parse source code to Ast structure ( 0.017s )
[PhaseTime] dump Ast to *.dot file ( 0.032s )
[PhaseTime] generate bytecode from Ast ( 0.005s )
[PhaseTime] dump bytecode ( 0.004s )
[PhaseTime] execute bytecodes via simple c++ interpreter ( 0.01s )
[PhaseTime] set up everything about VM ( 0.003s )
[PhaseTime] parse source code to Ast structure ( 0.098s )
[PhaseTime] dump Ast to *.dot file ( 0.172s )
[PhaseTime] generate bytecode from Ast ( 0.049s )
[PhaseTime] dump bytecode ( 0.037s )
[PhaseTime] set up everything about VM ( 0.004s )
[PhaseTime] parse source code to Ast structure ( 0.244s )
[PhaseTime] dump Ast to *.dot file ( 0.441s )
[PhaseTime] generate bytecode from Ast ( 0.073s )
[PhaseTime] dump bytecode ( 0.088s )
[PhaseTime] set up everything about VM ( 0.002s )
[PhaseTime] parse source code to Ast structure ( 0.185s )
[PhaseTime] dump Ast to *.dot file ( 0.333s )
[PhaseTime] generate bytecode from Ast ( 0.059s )
[PhaseTime] dump bytecode ( 0.113s )
[PhaseTime] set up everything about VM ( 0.003s )
[PhaseTime] parse source code to Ast structure ( 0.437s )
[PhaseTime] dump Ast to *.dot file ( 0.881s )
[PhaseTime] generate bytecode from Ast ( 0.247s )
[PhaseTime] dump bytecode ( 0.031s )
[PhaseTime] set up everything about VM ( 0.004s )
[PhaseTime] parse source code to Ast structure ( 0.11s )
[PhaseTime] dump Ast to *.dot file ( 0.208s )
[PhaseTime] generate bytecode from Ast ( 0.055s )
[PhaseTime] dump bytecode ( 0.075s )
[PhaseTime] set up everything about VM ( 0.002s )
[PhaseTime] parse source code to Ast structure ( 0.11s )
[PhaseTime] dump Ast to *.dot file ( 0.19s )
[PhaseTime] generate bytecode from Ast ( 0.055s )
[PhaseTime] dump bytecode ( 0.005s )
[PhaseTime] execute bytecodes via simple c++ interpreter ( 0.024s )
[PhaseTime] set up everything about VM ( 0.004s )
[PhaseTime] parse source code to Ast structure ( 0.16s )
[PhaseTime] dump Ast to *.dot file ( 0.235s )
[PhaseTime] generate bytecode from Ast ( 0.073s )
[PhaseTime] dump bytecode ( 0.044s )
[PhaseTime] set up everything about VM ( 0.006s )
[PhaseTime] parse source code to Ast structure ( 0.165s )
[PhaseTime] dump Ast to *.dot file ( 0.213s )
[PhaseTime] generate bytecode from Ast ( 0.05s )
[PhaseTime] dump bytecode ( 0.033s )
[PhaseTime] set up everything about VM ( 0.003s )
[PhaseTime] parse source code to Ast structure ( 0.139s )
[PhaseTime] dump Ast to *.dot file ( 0.216s )
[PhaseTime] generate bytecode from Ast ( 0.083s )
[PhaseTime] dump bytecode ( 0.008s )
[PhaseTime] set up everything about VM ( 0.003s )
[PhaseTime] parse source code to Ast structure ( 0.143s )
[PhaseTime] dump Ast to *.dot file ( 0.22s )
[PhaseTime] generate bytecode from Ast ( 0.082s )
[PhaseTime] dump bytecode ( 0.01s )
[PhaseTime] set up everything about VM ( 0.003s )
[PhaseTime] parse source code to Ast structure ( 0.127s )
[PhaseTime] dump Ast to *.dot file ( 0.181s )
[PhaseTime] generate bytecode from Ast ( 0.036s )
[PhaseTime] dump bytecode ( 0.003s )
[PhaseTime] execute bytecodes via simple c++ interpreter ( 0.011s )
[PhaseTime] set up everything about VM ( 0.003s )
[PhaseTime] set up everything about VM ( 0.003s )
[PhaseTime] parse source code to Ast structure ( 0.279s )
[PhaseTime] dump Ast to *.dot file ( 0.524s )
[PhaseTime] generate bytecode from Ast ( 0.075s )
[PhaseTime] dump bytecode ( 0.075s )
[PhaseTime] set up everything about VM ( 0.003s )
[PhaseTime] parse source code to Ast structure ( 0.099s )
[PhaseTime] dump Ast to *.dot file ( 0.093s )
[PhaseTime] generate bytecode from Ast ( 0.042s )
[PhaseTime] dump bytecode ( 0.003s )
[PhaseTime] execute bytecodes via simple c++ interpreter ( 0.01s )
[PhaseTime] set up everything about VM ( 0.003s )
[PhaseTime] parse source code to Ast structure ( 0.075s )
[PhaseTime] dump Ast to *.dot file ( 0.096s )
[PhaseTime] generate bytecode from Ast ( 0.047s )
[PhaseTime] dump bytecode ( 0.026s )
[PhaseTime] set up everything about VM ( 0.003s )
[PhaseTime] set up everything about VM ( 0.003s )
[PhaseTime] parse source code to Ast structure ( 0.145s )
[PhaseTime] dump Ast to *.dot file ( 0.25s )
[PhaseTime] set up everything about VM ( 0.003s )
[PhaseTime] parse source code to Ast structure ( 0.333s )
[PhaseTime] dump Ast to *.dot file ( 0.599s )
[PhaseTime] generate bytecode from Ast ( 0.095s )
[PhaseTime] dump bytecode ( 0.235s )
[PhaseTime] execute bytecodes via simple c++ interpreter ( 0.304s )
[PhaseTime] set up everything about VM ( 0.004s )
[PhaseTime] parse source code to Ast structure ( 0.06s )
[PhaseTime] dump Ast to *.dot file ( 0.073s )
[PhaseTime] generate bytecode from Ast ( 0.023s )
[PhaseTime] dump bytecode ( 0.017s )
[PhaseTime] execute bytecodes via simple c++ interpreter ( 0.046s )
[PhaseTime] set up everything about VM ( 0.004s )
[PhaseTime] parse source code to Ast structure ( 0.263s )
[PhaseTime] dump Ast to *.dot file ( 0.4s )
[PhaseTime] generate bytecode from Ast ( 0.024s )
[PhaseTime] dump bytecode ( 0.01s )
[PhaseTime] execute bytecodes via simple c++ interpreter ( 0.011s )
[PhaseTime] set up everything about VM ( 0.003s )
[PhaseTime] parse source code to Ast structure ( 0.162s )
[PhaseTime] dump Ast to *.dot file ( 0.251s )
[PhaseTime] generate bytecode from Ast ( 0.063s )
[PhaseTime] dump bytecode ( 0.065s )
[PhaseTime] execute bytecodes via simple c++ interpreter ( 0.084s )
[PhaseTime] set up everything about VM ( 0.002s )
[PhaseTime] parse source code to Ast structure ( 0.097s )
[PhaseTime] dump Ast to *.dot file ( 0.156s )
[PhaseTime] generate bytecode from Ast ( 0.054s )
[PhaseTime] dump bytecode ( 0.033s )
[PhaseTime] set up everything about VM ( 0.003s )
[PhaseTime] parse source code to Ast structure ( 0.335s )
[PhaseTime] dump Ast to *.dot file ( 0.528s )
[PhaseTime] generate bytecode from Ast ( 0.111s )
[PhaseTime] dump bytecode ( 0.038s )
[PhaseTime] set up everything about VM ( 0.003s )
[PhaseTime] parse source code to Ast structure ( 0.024s )
[PhaseTime] dump Ast to *.dot file ( 0.03s )
[PhaseTime] generate bytecode from Ast ( 0.005s )
[PhaseTime] dump bytecode ( 0.002s )
[PhaseTime] execute bytecodes via simple c++ interpreter ( 0.009s )
[PhaseTime] set up everything about VM ( 0.004s )
[PhaseTime] parse source code to Ast structure ( 0.099s )
[PhaseTime] dump Ast to *.dot file ( 0.168s )
[PhaseTime] generate bytecode from Ast ( 0.047s )
[PhaseTime] dump bytecode ( 0.036s )
[PhaseTime] set up everything about VM ( 0.005s )
[PhaseTime] parse source code to Ast structure ( 0.29s )
[PhaseTime] dump Ast to *.dot file ( 0.663s )
[PhaseTime] generate bytecode from Ast ( 0.088s )
[PhaseTime] dump bytecode ( 0.142s )
[PhaseTime] set up everything about VM ( 0.003s )
[PhaseTime] parse source code to Ast structure ( 0.267s )
[PhaseTime] dump Ast to *.dot file ( 0.302s )
[PhaseTime] generate bytecode from Ast ( 0.063s )
[PhaseTime] dump bytecode ( 0.109s )
[PhaseTime] set up everything about VM ( 0.003s )
[PhaseTime] parse source code to Ast structure ( 0.298s )
[PhaseTime] dump Ast to *.dot file ( 0.503s )
[PhaseTime] generate bytecode from Ast ( 0.16s )
[PhaseTime] dump bytecode ( 0.026s )
[PhaseTime] set up everything about VM ( 0.002s )
[PhaseTime] parse source code to Ast structure ( 0.114s )
[PhaseTime] dump Ast to *.dot file ( 0.215s )
[PhaseTime] generate bytecode from Ast ( 0.056s )
[PhaseTime] dump bytecode ( 0.06s )
[PhaseTime] set up everything about VM ( 0.003s )
[PhaseTime] parse source code to Ast structure ( 0.113s )
[PhaseTime] dump Ast to *.dot file ( 0.193s )
[PhaseTime] generate bytecode from Ast ( 0.057s )
[PhaseTime] dump bytecode ( 0.004s )
[PhaseTime] execute bytecodes via simple c++ interpreter ( 0.013s )
[PhaseTime] set up everything about VM ( 0.004s )
[PhaseTime] parse source code to Ast structure ( 0.208s )
[PhaseTime] dump Ast to *.dot file ( 0.24s )
[PhaseTime] generate bytecode from Ast ( 0.074s )
[PhaseTime] dump bytecode ( 0.038s )
[PhaseTime] set up everything about VM ( 0.004s )
[PhaseTime] parse source code to Ast structure ( 0.137s )
[PhaseTime] dump Ast to *.dot file ( 0.221s )
[PhaseTime] generate bytecode from Ast ( 0.048s )
[PhaseTime] dump bytecode ( 0.032s )
[PhaseTime] set up everything about VM ( 0.003s )
[PhaseTime] parse source code to Ast structure ( 0.15s )
[PhaseTime] dump Ast to *.dot file ( 0.234s )
[PhaseTime] generate bytecode from Ast ( 0.087s )
[PhaseTime] dump bytecode ( 0.012s )
[PhaseTime] set up everything about VM ( 0.003s )
[PhaseTime] parse source code to Ast structure ( 0.141s )
[PhaseTime] dump Ast to *.dot file ( 0.223s )
[PhaseTime] generate bytecode from Ast ( 0.08s )
[PhaseTime] dump bytecode ( 0.01s )
[PhaseTime] set up everything about VM ( 0.004s )
[PhaseTime] parse source code to Ast structure ( 0.134s )
[PhaseTime] dump Ast to *.dot file ( 0.178s )
[PhaseTime] generate bytecode from Ast ( 0.035s )
[PhaseTime] dump bytecode ( 0.003s )
[PhaseTime] execute bytecodes via simple c++ interpreter ( 0.02s )
[PhaseTime] set up everything about VM ( 0.003s )
[PhaseTime] set up everything about VM ( 0.004s )
[PhaseTime] parse source code to Ast structure ( 0.529s )
[PhaseTime] dump Ast to *.dot file ( 0.599s )
[PhaseTime] generate bytecode from Ast ( 0.07s )
[PhaseTime] dump bytecode ( 0.076s )
[PhaseTime] set up everything about VM ( 0.003s )
[PhaseTime] parse source code to Ast structure ( 0.098s )
[PhaseTime] dump Ast to *.dot file ( 0.092s )
[PhaseTime] generate bytecode from Ast ( 0.071s )
[PhaseTime] dump bytecode ( 0.006s )
[PhaseTime] execute bytecodes via simple c++ interpreter ( 0.06s )
[PhaseTime] set up everything about VM ( 0.002s )
[PhaseTime] parse source code to Ast structure ( 0.074s )
[PhaseTime] dump Ast to *.dot file ( 0.088s )
[PhaseTime] generate bytecode from Ast ( 0.044s )
[PhaseTime] dump bytecode ( 0.025s )
[PhaseTime] set up everything about VM ( 0.004s )
[PhaseTime] set up everything about VM ( 0.004s )
[PhaseTime] parse source code to Ast structure ( 0.201s )
[PhaseTime] dump Ast to *.dot file ( 0.281s )
[PhaseTime] set up everything about VM ( 0.004s )
[PhaseTime] parse source code to Ast structure ( 0.329s )
[PhaseTime] dump Ast to *.dot file ( 0.581s )
[PhaseTime] generate bytecode from Ast ( 0.1s )
[PhaseTime] dump bytecode ( 0.136s )
[PhaseTime] execute bytecodes via simple c++ interpreter ( 0.197s )
[PhaseTime] set up everything about VM ( 0.003s )
[PhaseTime] parse source code to Ast structure ( 0.068s )
[PhaseTime] dump Ast to *.dot file ( 0.102s )
[PhaseTime] generate bytecode from Ast ( 0.023s )
[PhaseTime] dump bytecode ( 0.024s )
[PhaseTime] execute bytecodes via simple c++ interpreter ( 0.057s )
[PhaseTime] set up everything about VM ( 0.003s )
[PhaseTime] parse source code to Ast structure ( 0.243s )
[PhaseTime] dump Ast to *.dot file ( 0.391s )
[PhaseTime] generate bytecode from Ast ( 0.024s )
[PhaseTime] dump bytecode ( 0.014s )
[PhaseTime] execute bytecodes via simple c++ interpreter ( 0.019s )
[PhaseTime] set up everything about VM ( 0.003s )
[PhaseTime] parse source code to Ast structure ( 0.172s )
[PhaseTime] dump Ast to *.dot file ( 0.264s )
[PhaseTime] generate bytecode from Ast ( 0.064s )
[PhaseTime] dump bytecode ( 0.067s )
[PhaseTime] execute bytecodes via simple c++ interpreter ( 0.09s )
[PhaseTime] set up everything about VM ( 0.003s )
[PhaseTime] parse source code to Ast structure ( 0.097s )
[PhaseTime] dump Ast to *.dot file ( 0.158s )
[PhaseTime] generate bytecode from Ast ( 0.054s )
[PhaseTime] dump bytecode ( 0.038s )
[PhaseTime] set up everything about VM ( 0.003s )
[PhaseTime] parse source code to Ast structure ( 0.395s )
[PhaseTime] dump Ast to *.dot file ( 0.55s )
[PhaseTime] generate bytecode from Ast ( 0.111s )
[PhaseTime] dump bytecode ( 0.041s )
[PhaseTime] set up everything about VM ( 0.003s )
[PhaseTime] parse source code to Ast structure ( 0.017s )
[PhaseTime] dump Ast to *.dot file ( 0.026s )
[PhaseTime] generate bytecode from Ast ( 0.005s )
[PhaseTime] dump bytecode ( 0.003s )
[PhaseTime] execute bytecodes via simple c++ interpreter ( 0.009s )
[PhaseTime] set up everything about VM ( 0.004s )
[PhaseTime] parse source code to Ast structure ( 0.145s )
[PhaseTime] dump Ast to *.dot file ( 0.225s )
[PhaseTime] generate bytecode from Ast ( 0.05s )
[PhaseTime] dump bytecode ( 0.064s )
[PhaseTime] set up everything about VM ( 0.003s )
[PhaseTime] parse source code to Ast structure ( 0.204s )
[PhaseTime] dump Ast to *.dot file ( 0.456s )
[PhaseTime] generate bytecode from Ast ( 0.063s )
[PhaseTime] dump bytecode ( 0.088s )
[PhaseTime] set up everything about VM ( 0.003s )
[PhaseTime] parse source code to Ast structure ( 0.264s )
[PhaseTime] dump Ast to *.dot file ( 0.298s )
[PhaseTime] generate bytecode from Ast ( 0.058s )
[PhaseTime] dump bytecode ( 0.119s )
[PhaseTime] set up everything about VM ( 0.003s )
[PhaseTime] parse source code to Ast structure ( 0.331s )
[PhaseTime] dump Ast to *.dot file ( 0.517s )
[PhaseTime] generate bytecode from Ast ( 0.158s )
[PhaseTime] dump bytecode ( 0.02s )
[PhaseTime] set up everything about VM ( 0.003s )
[PhaseTime] parse source code to Ast structure ( 0.16s )
[PhaseTime] dump Ast to *.dot file ( 0.267s )
[PhaseTime] generate bytecode from Ast ( 0.1s )
[PhaseTime] dump bytecode ( 0.051s )
[PhaseTime] set up everything about VM ( 0.002s )
[PhaseTime] parse source code to Ast structure ( 0.113s )
[PhaseTime] dump Ast to *.dot file ( 0.175s )
[PhaseTime] generate bytecode from Ast ( 0.055s )
[PhaseTime] dump bytecode ( 0.005s )
[PhaseTime] execute bytecodes via simple c++ interpreter ( 0.025s )
[PhaseTime] set up everything about VM ( 0.002s )
[PhaseTime] parse source code to Ast structure ( 0.158s )
[PhaseTime] dump Ast to *.dot file ( 0.232s )
[PhaseTime] generate bytecode from Ast ( 0.102s )
[PhaseTime] dump bytecode ( 0.037s )
[PhaseTime] set up everything about VM ( 0.004s )
[PhaseTime] parse source code to Ast structure ( 0.136s )
[PhaseTime] dump Ast to *.dot file ( 0.212s )
[PhaseTime] generate bytecode from Ast ( 0.048s )
[PhaseTime] dump bytecode ( 0.04s )
[PhaseTime] set up everything about VM ( 0.004s )
[PhaseTime] parse source code to Ast structure ( 0.149s )
[PhaseTime] dump Ast to *.dot file ( 0.267s )
[PhaseTime] generate bytecode from Ast ( 0.086s )
[PhaseTime] dump bytecode ( 0.01s )
[PhaseTime] set up everything about VM ( 0.003s )
[PhaseTime] parse source code to Ast structure ( 0.138s )
[PhaseTime] dump Ast to *.dot file ( 0.221s )
[PhaseTime] generate bytecode from Ast ( 0.081s )
[PhaseTime] dump bytecode ( 0.008s )
[PhaseTime] set up everything about VM ( 0.003s )
[PhaseTime] parse source code to Ast structure ( 0.119s )
[PhaseTime] dump Ast to *.dot file ( 0.173s )
[PhaseTime] generate bytecode from Ast ( 0.037s )
[PhaseTime] dump bytecode ( 0.003s )
[PhaseTime] execute bytecodes via simple c++ interpreter ( 0.02s )
[PhaseTime] set up everything about VM ( 0.003s )
[PhaseTime] set up everything about VM ( 0.003s )
[PhaseTime] parse source code to Ast structure ( 0.333s )
[PhaseTime] dump Ast to *.dot file ( 0.498s )
[PhaseTime] generate bytecode from Ast ( 0.069s )
[PhaseTime] dump bytecode ( 0.077s )
[PhaseTime] set up everything about VM ( 0.003s )
[PhaseTime] parse source code to Ast structure ( 0.102s )
[PhaseTime] dump Ast to *.dot file ( 0.091s )
[PhaseTime] generate bytecode from Ast ( 0.039s )
[PhaseTime] dump bytecode ( 0.003s )
[PhaseTime] execute bytecodes via simple c++ interpreter ( 0.017s )
[PhaseTime] set up everything about VM ( 0.003s )
[PhaseTime] parse source code to Ast structure ( 0.077s )
[PhaseTime] dump Ast to *.dot file ( 0.088s )
[PhaseTime] generate bytecode from Ast ( 0.046s )
[PhaseTime] dump bytecode ( 0.027s )
[PhaseTime] set up everything about VM ( 0.005s )
[PhaseTime] set up everything about VM ( 0.005s )
[PhaseTime] parse source code to Ast structure ( 0.175s )
[PhaseTime] dump Ast to *.dot file ( 0.373s )
[PhaseTime] set up everything about VM ( 0.003s )
[PhaseTime] parse source code to Ast structure ( 0.352s )
[PhaseTime] dump Ast to *.dot file ( 0.982s )
[PhaseTime] generate bytecode from Ast ( 0.138s )
[PhaseTime] dump bytecode ( 0.197s )
[PhaseTime] execute bytecodes via simple c++ interpreter ( 0.287s )
[PhaseTime] set up everything about VM ( 0.004s )
[PhaseTime] parse source code to Ast structure ( 0.079s )
[PhaseTime] dump Ast to *.dot file ( 0.086s )
[PhaseTime] generate bytecode from Ast ( 0.025s )
[PhaseTime] dump bytecode ( 0.028s )
[PhaseTime] execute bytecodes via simple c++ interpreter ( 0.063s )
[PhaseTime] set up everything about VM ( 0.003s )
[PhaseTime] parse source code to Ast structure ( 0.294s )
[PhaseTime] dump Ast to *.dot file ( 0.521s )
[PhaseTime] generate bytecode from Ast ( 0.029s )
[PhaseTime] dump bytecode ( 0.011s )
[PhaseTime] execute bytecodes via simple c++ interpreter ( 0.013s )
[PhaseTime] set up everything about VM ( 0.003s )
[PhaseTime] parse source code to Ast structure ( 0.209s )
[PhaseTime] dump Ast to *.dot file ( 0.297s )
[PhaseTime] generate bytecode from Ast ( 0.075s )
[PhaseTime] dump bytecode ( 0.076s )
[PhaseTime] execute bytecodes via simple c++ interpreter ( 0.103s )
[PhaseTime] set up everything about VM ( 0.003s )
[PhaseTime] parse source code to Ast structure ( 0.143s )
[PhaseTime] dump Ast to *.dot file ( 0.273s )
[PhaseTime] generate bytecode from Ast ( 0.071s )
[PhaseTime] dump bytecode ( 0.057s )
[PhaseTime] set up everything about VM ( 0.003s )
[PhaseTime] parse source code to Ast structure ( 0.388s )
[PhaseTime] dump Ast to *.dot file ( 0.623s )
[PhaseTime] generate bytecode from Ast ( 0.173s )
[PhaseTime] dump bytecode ( 0.047s )
[PhaseTime] set up everything about VM ( 0.004s )
[PhaseTime] parse source code to Ast structure ( 0.02s )
[PhaseTime] dump Ast to *.dot file ( 0.026s )
[PhaseTime] generate bytecode from Ast ( 0.005s )
[PhaseTime] dump bytecode ( 0.004s )
[PhaseTime] execute bytecodes via simple c++ interpreter ( 0.02s )
[PhaseTime] set up everything about VM ( 0.003s )
[PhaseTime] parse source code to Ast structure ( 0.117s )
[PhaseTime] dump Ast to *.dot file ( 0.275s )
[PhaseTime] generate bytecode from Ast ( 0.059s )
[PhaseTime] dump bytecode ( 0.047s )
[PhaseTime] set up everything about VM ( 0.004s )
[PhaseTime] parse source code to Ast structure ( 0.271s )
[PhaseTime] dump Ast to *.dot file ( 0.923s )
[PhaseTime] generate bytecode from Ast ( 0.086s )
[PhaseTime] dump bytecode ( 0.209s )
[PhaseTime] set up everything about VM ( 0.005s )
[PhaseTime] parse source code to Ast structure ( 0.209s )
[PhaseTime] dump Ast to *.dot file ( 0.383s )
[PhaseTime] generate bytecode from Ast ( 0.12s )
[PhaseTime] dump bytecode ( 0.222s )
[PhaseTime] set up everything about VM ( 0.003s )
[PhaseTime] parse source code to Ast structure ( 0.323s )
[PhaseTime] dump Ast to *.dot file ( 0.625s )
[PhaseTime] generate bytecode from Ast ( 0.227s )
[PhaseTime] dump bytecode ( 0.027s )
[PhaseTime] set up everything about VM ( 0.003s )
[PhaseTime] parse source code to Ast structure ( 0.214s )
[PhaseTime] dump Ast to *.dot file ( 0.225s )
[PhaseTime] generate bytecode from Ast ( 0.06s )
[PhaseTime] dump bytecode ( 0.062s )
[PhaseTime] set up everything about VM ( 0.003s )
[PhaseTime] parse source code to Ast structure ( 0.105s )
[PhaseTime] dump Ast to *.dot file ( 0.192s )
[PhaseTime] generate bytecode from Ast ( 0.076s )
[PhaseTime] dump bytecode ( 0.004s )
[PhaseTime] execute bytecodes via simple c++ interpreter ( 0.016s )
[PhaseTime] set up everything about VM ( 0.002s )
[PhaseTime] parse source code to Ast structure ( 0.155s )
[PhaseTime] dump Ast to *.dot file ( 0.239s )
[PhaseTime] generate bytecode from Ast ( 0.074s )
[PhaseTime] dump bytecode ( 0.045s )
[PhaseTime] set up everything about VM ( 0.004s )
[PhaseTime] parse source code to Ast structure ( 0.14s )
[PhaseTime] dump Ast to *.dot file ( 0.227s )
[PhaseTime] generate bytecode from Ast ( 0.047s )
[PhaseTime] dump bytecode ( 0.032s )
[PhaseTime] set up everything about VM ( 0.004s )
[PhaseTime] parse source code to Ast structure ( 0.145s )
[PhaseTime] dump Ast to *.dot file ( 0.228s )
[PhaseTime] generate bytecode from Ast ( 0.085s )
[PhaseTime] dump bytecode ( 0.016s )
[PhaseTime] set up everything about VM ( 0.003s )
[PhaseTime] parse source code to Ast structure ( 0.153s )
[PhaseTime] dump Ast to *.dot file ( 0.244s )
[PhaseTime] generate bytecode from Ast ( 0.085s )
[PhaseTime] dump bytecode ( 0.009s )
[PhaseTime] set up everything about VM ( 0.003s )
[PhaseTime] parse source code to Ast structure ( 0.126s )
[PhaseTime] dump Ast to *.dot file ( 0.188s )
[PhaseTime] generate bytecode from Ast ( 0.039s )
[PhaseTime] dump bytecode ( 0.003s )
[PhaseTime] execute bytecodes via simple c++ interpreter ( 0.02s )
[PhaseTime] set up everything about VM ( 0.003s )
[PhaseTime] set up everything about VM ( 0.004s )
[PhaseTime] parse source code to Ast structure ( 0.289s )
[PhaseTime] dump Ast to *.dot file ( 0.496s )
[PhaseTime] generate bytecode from Ast ( 0.075s )
[PhaseTime] dump bytecode ( 0.075s )
[PhaseTime] set up everything about VM ( 0.003s )
[PhaseTime] parse source code to Ast structure ( 0.11s )
[PhaseTime] dump Ast to *.dot file ( 0.09s )
[PhaseTime] generate bytecode from Ast ( 0.038s )
[PhaseTime] dump bytecode ( 0.004s )
[PhaseTime] execute bytecodes via simple c++ interpreter ( 0.012s )
[PhaseTime] set up everything about VM ( 0.003s )
[PhaseTime] parse source code to Ast structure ( 0.075s )
[PhaseTime] dump Ast to *.dot file ( 0.088s )
[PhaseTime] generate bytecode from Ast ( 0.045s )
[PhaseTime] dump bytecode ( 0.027s )
[PhaseTime] set up everything about VM ( 0.004s )
[PhaseTime] set up everything about VM ( 0.005s )
[PhaseTime] parse source code to Ast structure ( 0.154s )
[PhaseTime] dump Ast to *.dot file ( 0.448s )
[PhaseTime] set up everything about VM ( 0.004s )
[PhaseTime] parse source code to Ast structure ( 0.333s )
[PhaseTime] dump Ast to *.dot file ( 0.597s )
[PhaseTime] generate bytecode from Ast ( 0.114s )
[PhaseTime] dump bytecode ( 0.137s )
[PhaseTime] execute bytecodes via simple c++ interpreter ( 0.302s )
[PhaseTime] set up everything about VM ( 0.002s )
[PhaseTime] parse source code to Ast structure ( 0.072s )
[PhaseTime] dump Ast to *.dot file ( 0.113s )
[PhaseTime] generate bytecode from Ast ( 0.028s )
[PhaseTime] dump bytecode ( 0.027s )
[PhaseTime] execute bytecodes via simple c++ interpreter ( 0.049s )
[PhaseTime] set up everything about VM ( 0.003s )
[PhaseTime] parse source code to Ast structure ( 0.26s )
[PhaseTime] dump Ast to *.dot file ( 0.404s )
[PhaseTime] generate bytecode from Ast ( 0.023s )
[PhaseTime] dump bytecode ( 0.01s )
[PhaseTime] execute bytecodes via simple c++ interpreter ( 0.012s )
[PhaseTime] set up everything about VM ( 0.003s )
[PhaseTime] parse source code to Ast structure ( 0.147s )
[PhaseTime] dump Ast to *.dot file ( 0.262s )
[PhaseTime] generate bytecode from Ast ( 0.061s )
[PhaseTime] dump bytecode ( 0.071s )
[PhaseTime] execute bytecodes via simple c++ interpreter ( 0.094s )
[PhaseTime] set up everything about VM ( 0.002s )
[PhaseTime] parse source code to Ast structure ( 0.103s )
[PhaseTime] dump Ast to *.dot file ( 0.17s )
[PhaseTime] generate bytecode from Ast ( 0.057s )
[PhaseTime] dump bytecode ( 0.032s )
[PhaseTime] set up everything about VM ( 0.003s )
[PhaseTime] parse source code to Ast structure ( 0.376s )
[PhaseTime] dump Ast to *.dot file ( 0.535s )
[PhaseTime] generate bytecode from Ast ( 0.109s )
[PhaseTime] dump bytecode ( 0.04s )
[PhaseTime] set up everything about VM ( 0.003s )
[PhaseTime] parse source code to Ast structure ( 0.018s )
[PhaseTime] dump Ast to *.dot file ( 0.033s )
[PhaseTime] generate bytecode from Ast ( 0.004s )
[PhaseTime] dump bytecode ( 0.003s )
[PhaseTime] execute bytecodes via simple c++ interpreter ( 0.018s )
[PhaseTime] set up everything about VM ( 0.003s )
[PhaseTime] parse source code to Ast structure ( 0.103s )
[PhaseTime] dump Ast to *.dot file ( 0.186s )
[PhaseTime] generate bytecode from Ast ( 0.05s )
[PhaseTime] dump bytecode ( 0.035s )
[PhaseTime] set up everything about VM ( 0.005s )
[PhaseTime] parse source code to Ast structure ( 0.308s )
[PhaseTime] dump Ast to *.dot file ( 0.52s )
[PhaseTime] generate bytecode from Ast ( 0.093s )
[PhaseTime] dump bytecode ( 0.141s )
[PhaseTime] set up everything about VM ( 0.003s )
[PhaseTime] parse source code to Ast structure ( 0.27s )
[PhaseTime] dump Ast to *.dot file ( 0.493s )
[PhaseTime] generate bytecode from Ast ( 0.071s )
[PhaseTime] dump bytecode ( 0.142s )
[PhaseTime] set up everything about VM ( 0.003s )
[PhaseTime] parse source code to Ast structure ( 0.289s )
[PhaseTime] dump Ast to *.dot file ( 0.489s )
[PhaseTime] generate bytecode from Ast ( 0.171s )
[PhaseTime] dump bytecode ( 0.02s )
[PhaseTime] set up everything about VM ( 0.003s )
[PhaseTime] parse source code to Ast structure ( 0.114s )
[PhaseTime] dump Ast to *.dot file ( 0.221s )
[PhaseTime] generate bytecode from Ast ( 0.073s )
[PhaseTime] dump bytecode ( 0.051s )
[PhaseTime] set up everything about VM ( 0.003s )
[PhaseTime] parse source code to Ast structure ( 0.111s )
[PhaseTime] dump Ast to *.dot file ( 0.157s )
[PhaseTime] generate bytecode from Ast ( 0.047s )
[PhaseTime] dump bytecode ( 0.003s )
[PhaseTime] execute bytecodes via simple c++ interpreter ( 0.011s )
[PhaseTime] set up everything about VM ( 0.004s )
[PhaseTime] parse source code to Ast structure ( 0.162s )
[PhaseTime] dump Ast to *.dot file ( 0.24s )
[PhaseTime] generate bytecode from Ast ( 0.078s )
[PhaseTime] dump bytecode ( 0.046s )
[PhaseTime] set up everything about VM ( 0.003s )
[PhaseTime] parse source code to Ast structure ( 0.132s )
[PhaseTime] dump Ast to *.dot file ( 0.241s )
[PhaseTime] generate bytecode from Ast ( 0.05s )
[PhaseTime] dump bytecode ( 0.04s )
[PhaseTime] set up everything about VM ( 0.002s )
[PhaseTime] parse source code to Ast structure ( 0.14s )
[PhaseTime] dump Ast to *.dot file ( 0.219s )
[PhaseTime] generate bytecode from Ast ( 0.08s )
[PhaseTime] dump bytecode ( 0.018s )
[PhaseTime] set up everything about VM ( 0.003s )
[PhaseTime] parse source code to Ast structure ( 0.149s )
[PhaseTime] dump Ast to *.dot file ( 0.232s )
[PhaseTime] generate bytecode from Ast ( 0.08s )
[PhaseTime] dump bytecode ( 0.015s )
[PhaseTime] set up everything about VM ( 0.004s )
[PhaseTime] parse source code to Ast structure ( 0.129s )
[PhaseTime] dump Ast to *.dot file ( 0.177s )
[PhaseTime] generate bytecode from Ast ( 0.036s )
[PhaseTime] dump bytecode ( 0.004s )
[PhaseTime] execute bytecodes via simple c++ interpreter ( 0.021s )
[PhaseTime] set up everything about VM ( 0.002s )
[PhaseTime] set up everything about VM ( 0.003s )
[PhaseTime] parse source code to Ast structure ( 0.283s )
[PhaseTime] dump Ast to *.dot file ( 0.496s )
[PhaseTime] generate bytecode from Ast ( 0.071s )
[PhaseTime] dump bytecode ( 0.084s )
[PhaseTime] set up everything about VM ( 0.004s )
[PhaseTime] parse source code to Ast structure ( 0.106s )
[PhaseTime] dump Ast to *.dot file ( 0.093s )
[PhaseTime] generate bytecode from Ast ( 0.036s )
[PhaseTime] dump bytecode ( 0.003s )
[PhaseTime] execute bytecodes via simple c++ interpreter ( 0.01s )
[PhaseTime] set up everything about VM ( 0.003s )
[PhaseTime] parse source code to Ast structure ( 0.077s )
[PhaseTime] dump Ast to *.dot file ( 0.089s )
[PhaseTime] generate bytecode from Ast ( 0.046s )
[PhaseTime] dump bytecode ( 0.026s )
[PhaseTime] set up everything about VM ( 0.002s )
[PhaseTime] set up everything about VM ( 0.004s )
[PhaseTime] parse source code to Ast structure ( 0.157s )
[PhaseTime] dump Ast to *.dot file ( 0.398s )
[PhaseTime] set up everything about VM ( 0.003s )
[PhaseTime] parse source code to Ast structure ( 0.331s )
[PhaseTime] dump Ast to *.dot file ( 0.566s )
[PhaseTime] generate bytecode from Ast ( 0.098s )
[PhaseTime] dump bytecode ( 0.136s )
[PhaseTime] execute bytecodes via simple c++ interpreter ( 0.262s )
[PhaseTime] set up everything about VM ( 0.003s )
[PhaseTime] parse source code to Ast structure ( 0.06s )
[PhaseTime] dump Ast to *.dot file ( 0.074s )
[PhaseTime] generate bytecode from Ast ( 0.022s )
[PhaseTime] dump bytecode ( 0.025s )
[PhaseTime] execute bytecodes via simple c++ interpreter ( 0.059s )
[PhaseTime] set up everything about VM ( 0.003s )
[PhaseTime] parse source code to Ast structure ( 0.285s )
[PhaseTime] dump Ast to *.dot file ( 0.42s )
[PhaseTime] generate bytecode from Ast ( 0.033s )
[PhaseTime] dump bytecode ( 0.012s )
[PhaseTime] execute bytecodes via simple c++ interpreter ( 0.013s )
[PhaseTime] set up everything about VM ( 0.003s )
[PhaseTime] parse source code to Ast structure ( 0.183s )
[PhaseTime] dump Ast to *.dot file ( 0.265s )
[PhaseTime] generate bytecode from Ast ( 0.064s )
[PhaseTime] dump bytecode ( 0.065s )
[PhaseTime] execute bytecodes via simple c++ interpreter ( 0.088s )
[PhaseTime] set up everything about VM ( 0.004s )
[PhaseTime] parse source code to Ast structure ( 0.095s )
[PhaseTime] dump Ast to *.dot file ( 0.159s )
[PhaseTime] generate bytecode from Ast ( 0.055s )
[PhaseTime] dump bytecode ( 0.037s )
[PhaseTime] set up everything about VM ( 0.002s )
[PhaseTime] parse source code to Ast structure ( 0.333s )
[PhaseTime] dump Ast to *.dot file ( 0.567s )
[PhaseTime] generate bytecode from Ast ( 0.113s )
[PhaseTime] dump bytecode ( 0.039s )
[PhaseTime] set up everything about VM ( 0.003s )
[PhaseTime] parse source code to Ast structure ( 0.017s )
[PhaseTime] dump Ast to *.dot file ( 0.037s )
[PhaseTime] generate bytecode from Ast ( 0.006s )
[PhaseTime] dump bytecode ( 0.003s )
[PhaseTime] execute bytecodes via simple c++ interpreter ( 0.023s )
[PhaseTime] set up everything about VM ( 0.003s )
[PhaseTime] parse source code to Ast structure ( 0.103s )
[PhaseTime] dump Ast to *.dot file ( 0.169s )
[PhaseTime] generate bytecode from Ast ( 0.049s )
[PhaseTime] dump bytecode ( 0.042s )
[PhaseTime] set up everything about VM ( 0.003s )
[PhaseTime] parse source code to Ast structure ( 0.271s )
[PhaseTime] dump Ast to *.dot file ( 0.657s )
[PhaseTime] generate bytecode from Ast ( 0.086s )
[PhaseTime] dump bytecode ( 0.143s )
[PhaseTime] set up everything about VM ( 0.003s )
[PhaseTime] parse source code to Ast structure ( 0.183s )
[PhaseTime] dump Ast to *.dot file ( 0.301s )
[PhaseTime] generate bytecode from Ast ( 0.06s )
[PhaseTime] dump bytecode ( 0.125s )
[PhaseTime] set up everything about VM ( 0.003s )
[PhaseTime] parse source code to Ast structure ( 0.423s )
[PhaseTime] dump Ast to *.dot file ( 0.551s )
[PhaseTime] generate bytecode from Ast ( 0.196s )
[PhaseTime] dump bytecode ( 0.041s )
[PhaseTime] set up everything about VM ( 0.003s )
[PhaseTime] parse source code to Ast structure ( 0.113s )
[PhaseTime] dump Ast to *.dot file ( 0.294s )
[PhaseTime] generate bytecode from Ast ( 0.059s )
[PhaseTime] dump bytecode ( 0.053s )
[PhaseTime] set up everything about VM ( 0.004s )
[PhaseTime] parse source code to Ast structure ( 0.116s )
[PhaseTime] dump Ast to *.dot file ( 0.166s )
[PhaseTime] generate bytecode from Ast ( 0.048s )
[PhaseTime] dump bytecode ( 0.004s )
[PhaseTime] execute bytecodes via simple c++ interpreter ( 0.011s )
[PhaseTime] set up everything about VM ( 0.003s )
[PhaseTime] parse source code to Ast structure ( 0.189s )
[PhaseTime] dump Ast to *.dot file ( 0.23s )
[PhaseTime] generate bytecode from Ast ( 0.073s )
[PhaseTime] dump bytecode ( 0.043s )
[PhaseTime] set up everything about VM ( 0.003s )
[PhaseTime] parse source code to Ast structure ( 0.133s )
[PhaseTime] dump Ast to *.dot file ( 0.22s )
[PhaseTime] generate bytecode from Ast ( 0.048s )
[PhaseTime] dump bytecode ( 0.039s )
[PhaseTime] set up everything about VM ( 0.003s )
[PhaseTime] parse source code to Ast structure ( 0.152s )
[PhaseTime] dump Ast to *.dot file ( 0.284s )
[PhaseTime] generate bytecode from Ast ( 0.087s )
[PhaseTime] dump bytecode ( 0.01s )
[PhaseTime] set up everything about VM ( 0.003s )
[PhaseTime] parse source code to Ast structure ( 0.165s )
[PhaseTime] dump Ast to *.dot file ( 0.237s )
[PhaseTime] generate bytecode from Ast ( 0.082s )
[PhaseTime] dump bytecode ( 0.01s )
[PhaseTime] set up everything about VM ( 0.003s )
[PhaseTime] parse source code to Ast structure ( 0.136s )
[PhaseTime] dump Ast to *.dot file ( 0.21s )
[PhaseTime] generate bytecode from Ast ( 0.037s )
[PhaseTime] dump bytecode ( 0.003s )
[PhaseTime] execute bytecodes via simple c++ interpreter ( 0.011s )
[PhaseTime] set up everything about VM ( 0.004s )
[PhaseTime] set up everything about VM ( 0.003s )
[PhaseTime] parse source code to Ast structure ( 0.273s )
[PhaseTime] dump Ast to *.dot file ( 0.498s )
[PhaseTime] generate bytecode from Ast ( 0.071s )
[PhaseTime] dump bytecode ( 0.074s )
[PhaseTime] set up everything about VM ( 0.004s )
[PhaseTime] parse source code to Ast structure ( 0.099s )
[PhaseTime] dump Ast to *.dot file ( 0.092s )
[PhaseTime] generate bytecode from Ast ( 0.039s )
[PhaseTime] dump bytecode ( 0.003s )
[PhaseTime] execute bytecodes via simple c++ interpreter ( 0.019s )
[PhaseTime] set up everything about VM ( 0.003s )
[PhaseTime] parse source code to Ast structure ( 0.083s )
[PhaseTime] dump Ast to *.dot file ( 0.094s )
[PhaseTime] generate bytecode from Ast ( 0.048s )
[PhaseTime] dump bytecode ( 0.02s )
[PhaseTime] set up everything about VM ( 0.003s )
[PhaseTime] set up everything about VM ( 0.002s )
[PhaseTime] parse source code to Ast structure ( 0.14s )
[PhaseTime] dump Ast to *.dot file ( 0.256s )
[PhaseTime] set up everything about VM ( 0.003s )
[PhaseTime] parse source code to Ast structure ( 0.511s )
[PhaseTime] dump Ast to *.dot file ( 0.836s )
[PhaseTime] generate bytecode from Ast ( 0.104s )
[PhaseTime] dump bytecode ( 0.147s )
[PhaseTime] execute bytecodes via simple c++ interpreter ( 0.214s )
[PhaseTime] set up everything about VM ( 0.01s )
[PhaseTime] parse source code to Ast structure ( 0.096s )
[PhaseTime] dump Ast to *.dot file ( 0.091s )
[PhaseTime] generate bytecode from Ast ( 0.024s )
[PhaseTime] dump bytecode ( 0.019s )
[PhaseTime] execute bytecodes via simple c++ interpreter ( 0.054s )
[PhaseTime] set up everything about VM ( 0.003s )
[PhaseTime] parse source code to Ast structure ( 0.351s )
[PhaseTime] dump Ast to *.dot file ( 0.465s )
[PhaseTime] generate bytecode from Ast ( 0.027s )
[PhaseTime] dump bytecode ( 0.015s )
[PhaseTime] execute bytecodes via simple c++ interpreter ( 0.026s )
[PhaseTime] set up everything about VM ( 0.004s )
[PhaseTime] parse source code to Ast structure ( 0.15s )
[PhaseTime] dump Ast to *.dot file ( 0.26s )
[PhaseTime] generate bytecode from Ast ( 0.061s )
[PhaseTime] dump bytecode ( 0.063s )
[PhaseTime] execute bytecodes via simple c++ interpreter ( 0.086s )
[PhaseTime] set up everything about VM ( 0.004s )
[PhaseTime] parse source code to Ast structure ( 0.095s )
[PhaseTime] dump Ast to *.dot file ( 0.169s )
[PhaseTime] generate bytecode from Ast ( 0.055s )
[PhaseTime] dump bytecode ( 0.039s )
[PhaseTime] set up everything about VM ( 0.003s )
[PhaseTime] parse source code to Ast structure ( 0.373s )
[PhaseTime] dump Ast to *.dot file ( 0.543s )
[PhaseTime] generate bytecode from Ast ( 0.111s )
[PhaseTime] dump bytecode ( 0.039s )
[PhaseTime] set up everything about VM ( 0.002s )
[PhaseTime] parse source code to Ast structure ( 0.017s )
[PhaseTime] dump Ast to *.dot file ( 0.025s )
[PhaseTime] generate bytecode from Ast ( 0.005s )
[PhaseTime] dump bytecode ( 0.002s )
[PhaseTime] execute bytecodes via simple c++ interpreter ( 0.011s )
[PhaseTime] set up everything about VM ( 0.003s )
[PhaseTime] parse source code to Ast structure ( 0.097s )
[PhaseTime] dump Ast to *.dot file ( 0.172s )
[PhaseTime] generate bytecode from Ast ( 0.05s )
[PhaseTime] dump bytecode ( 0.042s )
[PhaseTime] set up everything about VM ( 0.003s )
[PhaseTime] parse source code to Ast structure ( 0.203s )
[PhaseTime] dump Ast to *.dot file ( 0.704s )
[PhaseTime] generate bytecode from Ast ( 0.088s )
[PhaseTime] dump bytecode ( 0.162s )
[PhaseTime] set up everything about VM ( 0.004s )
[PhaseTime] parse source code to Ast structure ( 0.176s )
[PhaseTime] dump Ast to *.dot file ( 0.314s )
[PhaseTime] generate bytecode from Ast ( 0.057s )
[PhaseTime] dump bytecode ( 0.111s )
[PhaseTime] set up everything about VM ( 0.003s )
[PhaseTime] parse source code to Ast structure ( 0.287s )
[PhaseTime] dump Ast to *.dot file ( 0.512s )
[PhaseTime] generate bytecode from Ast ( 0.158s )
[PhaseTime] dump bytecode ( 0.019s )
[PhaseTime] set up everything about VM ( 0.003s )
[PhaseTime] parse source code to Ast structure ( 0.107s )
[PhaseTime] dump Ast to *.dot file ( 0.207s )
[PhaseTime] generate bytecode from Ast ( 0.057s )
[PhaseTime] dump bytecode ( 0.059s )
[PhaseTime] set up everything about VM ( 0.003s )
[PhaseTime] parse source code to Ast structure ( 0.248s )
[PhaseTime] dump Ast to *.dot file ( 0.133s )
[PhaseTime] generate bytecode from Ast ( 0.046s )
[PhaseTime] dump bytecode ( 0.004s )
[PhaseTime] execute bytecodes via simple c++ interpreter ( 0.02s )
[PhaseTime] set up everything about VM ( 0.003s )
[PhaseTime] parse source code to Ast structure ( 0.267s )
[PhaseTime] dump Ast to *.dot file ( 0.251s )
[PhaseTime] generate bytecode from Ast ( 0.074s )
[PhaseTime] dump bytecode ( 0.045s )
[PhaseTime] set up everything about VM ( 0.002s )
[PhaseTime] parse source code to Ast structure ( 0.201s )
[PhaseTime] dump Ast to *.dot file ( 0.21s )
[PhaseTime] generate bytecode from Ast ( 0.049s )
[PhaseTime] dump bytecode ( 0.061s )
[PhaseTime] set up everything about VM ( 0.003s )
[PhaseTime] parse source code to Ast structure ( 0.185s )
[PhaseTime] dump Ast to *.dot file ( 0.227s )
[PhaseTime] generate bytecode from Ast ( 0.086s )
[PhaseTime] dump bytecode ( 0.008s )
[PhaseTime] set up everything about VM ( 0.004s )
[PhaseTime] parse source code to Ast structure ( 0.187s )
[PhaseTime] dump Ast to *.dot file ( 0.24s )
[PhaseTime] generate bytecode from Ast ( 0.084s )
[PhaseTime] dump bytecode ( 0.011s )
[PhaseTime] set up everything about VM ( 0.002s )
[PhaseTime] parse source code to Ast structure ( 0.163s )
[PhaseTime] dump Ast to *.dot file ( 0.174s )
[PhaseTime] generate bytecode from Ast ( 0.035s )
[PhaseTime] dump bytecode ( 0.003s )
[PhaseTime] execute bytecodes via simple c++ interpreter ( 0.011s )
[PhaseTime] set up everything about VM ( 0.004s )
[PhaseTime] set up everything about VM ( 0.003s )
[PhaseTime] parse source code to Ast structure ( 0.338s )
[PhaseTime] dump Ast to *.dot file ( 0.542s )
[PhaseTime] generate bytecode from Ast ( 0.076s )
[PhaseTime] dump bytecode ( 0.115s )
[PhaseTime] set up everything about VM ( 0.003s )
[PhaseTime] parse source code to Ast structure ( 0.204s )
[PhaseTime] dump Ast to *.dot file ( 0.099s )
[PhaseTime] generate bytecode from Ast ( 0.041s )
[PhaseTime] dump bytecode ( 0.004s )
[PhaseTime] execute bytecodes via simple c++ interpreter ( 0.01s )
[PhaseTime] set up everything about VM ( 0.002s )
[PhaseTime] parse source code to Ast structure ( 0.144s )
[PhaseTime] dump Ast to *.dot file ( 0.096s )
[PhaseTime] generate bytecode from Ast ( 0.065s )
[PhaseTime] dump bytecode ( 0.018s )
[PhaseTime] set up everything about VM ( 0.004s )
[PhaseTime] set up everything about VM ( 0.003s )
[PhaseTime] parse source code to Ast structure ( 0.185s )
[PhaseTime] dump Ast to *.dot file ( 0.223s )
[PhaseTime] set up everything about VM ( 0.003s )
[PhaseTime] parse source code to Ast structure ( 0.334s )
[PhaseTime] dump Ast to *.dot file ( 0.535s )
[PhaseTime] generate bytecode from Ast ( 0.086s )
[PhaseTime] dump bytecode ( 0.135s )
[PhaseTime] execute bytecodes via simple c++ interpreter ( 0.194s )
[PhaseTime] set up everything about VM ( 0.004s )
[PhaseTime] parse source code to Ast structure ( 0.086s )
[PhaseTime] dump Ast to *.dot file ( 0.076s )
[PhaseTime] generate bytecode from Ast ( 0.021s )
[PhaseTime] dump bytecode ( 0.015s )
[PhaseTime] execute bytecodes via simple c++ interpreter ( 0.043s )
[PhaseTime] set up everything about VM ( 0.003s )
[PhaseTime] parse source code to Ast structure ( 0.276s )
[PhaseTime] dump Ast to *.dot file ( 0.519s )
[PhaseTime] generate bytecode from Ast ( 0.025s )
[PhaseTime] dump bytecode ( 0.019s )
[PhaseTime] execute bytecodes via simple c++ interpreter ( 0.013s )
[PhaseTime] set up everything about VM ( 0.002s )
[PhaseTime] parse source code to Ast structure ( 0.169s )
[PhaseTime] dump Ast to *.dot file ( 0.242s )
[PhaseTime] generate bytecode from Ast ( 0.061s )
[PhaseTime] dump bytecode ( 0.087s )
[PhaseTime] execute bytecodes via simple c++ interpreter ( 0.088s )
[PhaseTime] set up everything about VM ( 0.002s )
[PhaseTime] parse source code to Ast structure ( 0.21s )
[PhaseTime] dump Ast to *.dot file ( 0.144s )
[PhaseTime] generate bytecode from Ast ( 0.052s )
[PhaseTime] dump bytecode ( 0.035s )
[PhaseTime] set up everything about VM ( 0.002s )
[PhaseTime] parse source code to Ast structure ( 0.572s )
[PhaseTime] dump Ast to *.dot file ( 0.73s )
[PhaseTime] generate bytecode from Ast ( 0.152s )
[PhaseTime] dump bytecode ( 0.036s )
[PhaseTime] set up everything about VM ( 0.003s )
[PhaseTime] parse source code to Ast structure ( 0.016s )
[PhaseTime] dump Ast to *.dot file ( 0.028s )
[PhaseTime] generate bytecode from Ast ( 0.004s )
[PhaseTime] dump bytecode ( 0.003s )
[PhaseTime] execute bytecodes via simple c++ interpreter ( 0.01s )
[PhaseTime] set up everything about VM ( 0.002s )
[PhaseTime] parse source code to Ast structure ( 0.122s )
[PhaseTime] dump Ast to *.dot file ( 0.175s )
[PhaseTime] generate bytecode from Ast ( 0.05s )
[PhaseTime] dump bytecode ( 0.038s )
[PhaseTime] set up everything about VM ( 0.002s )
[PhaseTime] parse source code to Ast structure ( 0.221s )
[PhaseTime] dump Ast to *.dot file ( 0.371s )
[PhaseTime] generate bytecode from Ast ( 0.064s )
[PhaseTime] dump bytecode ( 0.086s )
[PhaseTime] set up everything about VM ( 0.003s )
[PhaseTime] parse source code to Ast structure ( 0.239s )
[PhaseTime] dump Ast to *.dot file ( 0.29s )
[PhaseTime] generate bytecode from Ast ( 0.057s )
[PhaseTime] dump bytecode ( 0.108s )
[PhaseTime] set up everything about VM ( 0.003s )
[PhaseTime] parse source code to Ast structure ( 0.357s )
[PhaseTime] dump Ast to *.dot file ( 0.477s )
[PhaseTime] generate bytecode from Ast ( 0.15s )
[PhaseTime] dump bytecode ( 0.019s )
[PhaseTime] set up everything about VM ( 0.002s )
[PhaseTime] parse source code to Ast structure ( 0.187s )
[PhaseTime] dump Ast to *.dot file ( 0.235s )
[PhaseTime] generate bytecode from Ast ( 0.096s )
[PhaseTime] dump bytecode ( 0.086s )
[PhaseTime] set up everything about VM ( 0.002s )
[PhaseTime] parse source code to Ast structure ( 0.107s )
[PhaseTime] dump Ast to *.dot file ( 0.171s )
[PhaseTime] generate bytecode from Ast ( 0.049s )
[PhaseTime] dump bytecode ( 0.003s )
[PhaseTime] execute bytecodes via simple c++ interpreter ( 0.01s )
[PhaseTime] set up everything about VM ( 0.003s )
[PhaseTime] parse source code to Ast structure ( 0.158s )
[PhaseTime] dump Ast to *.dot file ( 0.233s )
[PhaseTime] generate bytecode from Ast ( 0.071s )
[PhaseTime] dump bytecode ( 0.036s )
[PhaseTime] set up everything about VM ( 0.003s )
[PhaseTime] parse source code to Ast structure ( 0.123s )
[PhaseTime] dump Ast to *.dot file ( 0.222s )
[PhaseTime] generate bytecode from Ast ( 0.044s )
[PhaseTime] dump bytecode ( 0.034s )
[PhaseTime] set up everything about VM ( 0.002s )
[PhaseTime] parse source code to Ast structure ( 0.128s )
[PhaseTime] dump Ast to *.dot file ( 0.211s )
[PhaseTime] generate bytecode from Ast ( 0.075s )
[PhaseTime] dump bytecode ( 0.015s )
[PhaseTime] set up everything about VM ( 0.003s )
[PhaseTime] parse source code to Ast structure ( 0.132s )
[PhaseTime] dump Ast to *.dot file ( 0.209s )
[PhaseTime] generate bytecode from Ast ( 0.076s )
[PhaseTime] dump bytecode ( 0.01s )
[PhaseTime] set up everything about VM ( 0.004s )
[PhaseTime] parse source code to Ast structure ( 0.116s )
[PhaseTime] dump Ast to *.dot file ( 0.17s )
[PhaseTime] generate bytecode from Ast ( 0.035s )
[PhaseTime] dump bytecode ( 0.003s )
[PhaseTime] execute bytecodes via simple c++ interpreter ( 0.022s )
[PhaseTime] set up everything about VM ( 0.004s )
[PhaseTime] set up everything about VM ( 0.002s )
[PhaseTime] parse source code to Ast structure ( 0.329s )
[PhaseTime] dump Ast to *.dot file ( 0.528s )
[PhaseTime] generate bytecode from Ast ( 0.11s )
[PhaseTime] dump bytecode ( 0.107s )
[PhaseTime] set up everything about VM ( 0.003s )
[PhaseTime] parse source code to Ast structure ( 0.103s )
[PhaseTime] dump Ast to *.dot file ( 0.093s )
[PhaseTime] generate bytecode from Ast ( 0.047s )
[PhaseTime] dump bytecode ( 0.003s )
[PhaseTime] execute bytecodes via simple c++ interpreter ( 0.012s )
[PhaseTime] set up everything about VM ( 0.004s )
[PhaseTime] parse source code to Ast structure ( 0.077s )
[PhaseTime] dump Ast to *.dot file ( 0.089s )
[PhaseTime] generate bytecode from Ast ( 0.047s )
[PhaseTime] dump bytecode ( 0.018s )
[PhaseTime] set up everything about VM ( 0.003s )
[PhaseTime] set up everything about VM ( 0.003s )
[PhaseTime] parse source code to Ast structure ( 0.137s )
[PhaseTime] dump Ast to *.dot file ( 0.242s )
[PhaseTime] set up everything about VM ( 0.003s )
[PhaseTime] parse source code to Ast structure ( 0.319s )
[PhaseTime] dump Ast to *.dot file ( 0.577s )
[PhaseTime] generate bytecode from Ast ( 0.087s )
[PhaseTime] dump bytecode ( 0.139s )
[PhaseTime] execute bytecodes via simple c++ interpreter ( 0.186s )
[PhaseTime] set up everything about VM ( 0.003s )
[PhaseTime] parse source code to Ast structure ( 0.066s )
[PhaseTime] dump Ast to *.dot file ( 0.112s )
[PhaseTime] generate bytecode from Ast ( 0.023s )
[PhaseTime] dump bytecode ( 0.023s )
[PhaseTime] execute bytecodes via simple c++ interpreter ( 0.05s )
[PhaseTime] set up everything about VM ( 0.003s )
[PhaseTime] parse source code to Ast structure ( 0.238s )
[PhaseTime] dump Ast to *.dot file ( 0.382s )
[PhaseTime] generate bytecode from Ast ( 0.022s )
[PhaseTime] dump bytecode ( 0.014s )
[PhaseTime] execute bytecodes via simple c++ interpreter ( 0.019s )
[PhaseTime] set up everything about VM ( 0.004s )
[PhaseTime] parse source code to Ast structure ( 0.201s )
[PhaseTime] dump Ast to *.dot file ( 0.363s )
[PhaseTime] generate bytecode from Ast ( 0.081s )
[PhaseTime] dump bytecode ( 0.111s )
[PhaseTime] execute bytecodes via simple c++ interpreter ( 0.182s )
[PhaseTime] set up everything about VM ( 0.003s )
[PhaseTime] parse source code to Ast structure ( 0.097s )
[PhaseTime] dump Ast to *.dot file ( 0.156s )
[PhaseTime] generate bytecode from Ast ( 0.051s )
[PhaseTime] dump bytecode ( 0.036s )
[PhaseTime] set up everything about VM ( 0.003s )
[PhaseTime] parse source code to Ast structure ( 0.335s )
[PhaseTime] dump Ast to *.dot file ( 0.569s )
[PhaseTime] generate bytecode from Ast ( 0.107s )
[PhaseTime] dump bytecode ( 0.038s )
[PhaseTime] set up everything about VM ( 0.003s )
[PhaseTime] parse source code to Ast structure ( 0.016s )
[PhaseTime] dump Ast to *.dot file ( 0.027s )
[PhaseTime] generate bytecode from Ast ( 0.005s )
[PhaseTime] dump bytecode ( 0.003s )
[PhaseTime] execute bytecodes via simple c++ interpreter ( 0.01s )
[PhaseTime] set up everything about VM ( 0.002s )
[PhaseTime] parse source code to Ast structure ( 0.101s )
[PhaseTime] dump Ast to *.dot file ( 0.166s )
[PhaseTime] generate bytecode from Ast ( 0.047s )
[PhaseTime] dump bytecode ( 0.048s )
[PhaseTime] set up everything about VM ( 0.003s )
[PhaseTime] parse source code to Ast structure ( 0.203s )
[PhaseTime] dump Ast to *.dot file ( 0.398s )
[PhaseTime] generate bytecode from Ast ( 0.065s )
[PhaseTime] dump bytecode ( 0.091s )
[PhaseTime] set up everything about VM ( 0.003s )
[PhaseTime] parse source code to Ast structure ( 0.182s )
[PhaseTime] dump Ast to *.dot file ( 0.306s )
[PhaseTime] generate bytecode from Ast ( 0.057s )
[PhaseTime] dump bytecode ( 0.112s )
[PhaseTime] set up everything about VM ( 0.004s )
[PhaseTime] parse source code to Ast structure ( 0.289s )
[PhaseTime] dump Ast to *.dot file ( 0.496s )
[PhaseTime] generate bytecode from Ast ( 0.148s )
[PhaseTime] dump bytecode ( 0.019s )
[PhaseTime] set up everything about VM ( 0.003s )
[PhaseTime] parse source code to Ast structure ( 0.142s )
[PhaseTime] dump Ast to *.dot file ( 0.211s )
[PhaseTime] generate bytecode from Ast ( 0.077s )
[PhaseTime] dump bytecode ( 0.07s )
[PhaseTime] set up everything about VM ( 0.004s )
[PhaseTime] parse source code to Ast structure ( 0.104s )
[PhaseTime] dump Ast to *.dot file ( 0.173s )
[PhaseTime] generate bytecode from Ast ( 0.048s )
[PhaseTime] dump bytecode ( 0.005s )
[PhaseTime] execute bytecodes via simple c++ interpreter ( 0.02s )
[PhaseTime] set up everything about VM ( 0.004s )
[PhaseTime] parse source code to Ast structure ( 0.162s )
[PhaseTime] dump Ast to *.dot file ( 0.248s )
[PhaseTime] generate bytecode from Ast ( 0.072s )
[PhaseTime] dump bytecode ( 0.036s )
[PhaseTime] set up everything about VM ( 0.004s )
[PhaseTime] parse source code to Ast structure ( 0.144s )
[PhaseTime] dump Ast to *.dot file ( 0.223s )
[PhaseTime] generate bytecode from Ast ( 0.047s )
[PhaseTime] dump bytecode ( 0.031s )
[PhaseTime] set up everything about VM ( 0.004s )
[PhaseTime] parse source code to Ast structure ( 0.149s )
[PhaseTime] dump Ast to *.dot file ( 0.231s )
[PhaseTime] generate bytecode from Ast ( 0.085s )
[PhaseTime] dump bytecode ( 0.01s )
[PhaseTime] set up everything about VM ( 0.003s )
[PhaseTime] parse source code to Ast structure ( 0.188s )
[PhaseTime] dump Ast to *.dot file ( 0.224s )
[PhaseTime] generate bytecode from Ast ( 0.085s )
[PhaseTime] dump bytecode ( 0.01s )
[PhaseTime] set up everything about VM ( 0.004s )
[PhaseTime] parse source code to Ast structure ( 0.12s )
[PhaseTime] dump Ast to *.dot file ( 0.208s )
[PhaseTime] generate bytecode from Ast ( 0.031s )
[PhaseTime] dump bytecode ( 0.004s )
[PhaseTime] execute bytecodes via simple c++ interpreter ( 0.01s )
[PhaseTime] set up everything about VM ( 0.005s )
[PhaseTime] set up everything about VM ( 0.003s )
[PhaseTime] parse source code to Ast structure ( 0.267s )
[PhaseTime] dump Ast to *.dot file ( 0.487s )
[PhaseTime] generate bytecode from Ast ( 0.068s )
[PhaseTime] dump bytecode ( 0.077s )
[PhaseTime] set up everything about VM ( 0.003s )
[PhaseTime] parse source code to Ast structure ( 0.098s )
[PhaseTime] dump Ast to *.dot file ( 0.091s )
[PhaseTime] generate bytecode from Ast ( 0.038s )
[PhaseTime] dump bytecode ( 0.003s )
[PhaseTime] execute bytecodes via simple c++ interpreter ( 0.019s )
[PhaseTime] set up everything about VM ( 0.003s )
[PhaseTime] parse source code to Ast structure ( 0.075s )
[PhaseTime] dump Ast to *.dot file ( 0.086s )
[PhaseTime] generate bytecode from Ast ( 0.045s )
[PhaseTime] dump bytecode ( 0.025s )
[PhaseTime] set up everything about VM ( 0.003s )
[PhaseTime] set up everything about VM ( 0.002s )
[PhaseTime] parse source code to Ast structure ( 0.197s )
[PhaseTime] dump Ast to *.dot file ( 0.249s )
[PhaseTime] set up everything about VM ( 0.004s )
[PhaseTime] parse source code to Ast structure ( 0.344s )
[PhaseTime] dump Ast to *.dot file ( 0.779s )
[PhaseTime] generate bytecode from Ast ( 0.128s )
[PhaseTime] dump bytecode ( 0.161s )
[PhaseTime] execute bytecodes via simple c++ interpreter ( 0.223s )
[PhaseTime] set up everything about VM ( 0.005s )
[PhaseTime] parse source code to Ast structure ( 0.085s )
[PhaseTime] dump Ast to *.dot file ( 0.123s )
[PhaseTime] generate bytecode from Ast ( 0.027s )
[PhaseTime] dump bytecode ( 0.032s )
[PhaseTime] execute bytecodes via simple c++ interpreter ( 0.077s )
[PhaseTime] set up everything about VM ( 0.003s )
[PhaseTime] parse source code to Ast structure ( 0.244s )
[PhaseTime] dump Ast to *.dot file ( 0.379s )
[PhaseTime] generate bytecode from Ast ( 0.024s )
[PhaseTime] dump bytecode ( 0.013s )
[PhaseTime] execute bytecodes via simple c++ interpreter ( 0.02s )
[PhaseTime] set up everything about VM ( 0.003s )
[PhaseTime] parse source code to Ast structure ( 0.15s )
[PhaseTime] dump Ast to *.dot file ( 0.34s )
[PhaseTime] generate bytecode from Ast ( 0.061s )
[PhaseTime] dump bytecode ( 0.068s )
[PhaseTime] execute bytecodes via simple c++ interpreter ( 0.109s )
[PhaseTime] set up everything about VM ( 0.003s )
[PhaseTime] parse source code to Ast structure ( 0.099s )
[PhaseTime] dump Ast to *.dot file ( 0.165s )
[PhaseTime] generate bytecode from Ast ( 0.053s )
[PhaseTime] dump bytecode ( 0.032s )
[PhaseTime] set up everything about VM ( 0.002s )
[PhaseTime] parse source code to Ast structure ( 0.33s )
[PhaseTime] dump Ast to *.dot file ( 0.543s )
[PhaseTime] generate bytecode from Ast ( 0.107s )
[PhaseTime] dump bytecode ( 0.051s )
[PhaseTime] set up everything about VM ( 0.003s )
[PhaseTime] parse source code to Ast structure ( 0.025s )
[PhaseTime] dump Ast to *.dot file ( 0.023s )
[PhaseTime] generate bytecode from Ast ( 0.005s )
[PhaseTime] dump bytecode ( 0.003s )
[PhaseTime] execute bytecodes via simple c++ interpreter ( 0.016s )
[PhaseTime] set up everything about VM ( 0.003s )
[PhaseTime] parse source code to Ast structure ( 0.098s )
[PhaseTime] dump Ast to *.dot file ( 0.176s )
[PhaseTime] generate bytecode from Ast ( 0.051s )
[PhaseTime] dump bytecode ( 0.035s )
[PhaseTime] set up everything about VM ( 0.003s )
[PhaseTime] parse source code to Ast structure ( 0.218s )
[PhaseTime] dump Ast to *.dot file ( 0.395s )
[PhaseTime] generate bytecode from Ast ( 0.063s )
[PhaseTime] dump bytecode ( 0.086s )
[PhaseTime] set up everything about VM ( 0.002s )
[PhaseTime] parse source code to Ast structure ( 0.172s )
[PhaseTime] dump Ast to *.dot file ( 0.294s )
[PhaseTime] generate bytecode from Ast ( 0.055s )
[PhaseTime] dump bytecode ( 0.115s )
[PhaseTime] set up everything about VM ( 0.004s )
[PhaseTime] parse source code to Ast structure ( 0.413s )
[PhaseTime] dump Ast to *.dot file ( 0.52s )
[PhaseTime] generate bytecode from Ast ( 0.163s )
[PhaseTime] dump bytecode ( 0.022s )
[PhaseTime] set up everything about VM ( 0.004s )
[PhaseTime] parse source code to Ast structure ( 0.145s )
[PhaseTime] dump Ast to *.dot file ( 0.212s )
[PhaseTime] generate bytecode from Ast ( 0.063s )
[PhaseTime] dump bytecode ( 0.085s )
[PhaseTime] set up everything about VM ( 0.003s )
[PhaseTime] parse source code to Ast structure ( 0.118s )
[PhaseTime] dump Ast to *.dot file ( 0.139s )
[PhaseTime] generate bytecode from Ast ( 0.044s )
[PhaseTime] dump bytecode ( 0.004s )
[PhaseTime] execute bytecodes via simple c++ interpreter ( 0.019s )
[PhaseTime] set up everything about VM ( 0.004s )
[PhaseTime] parse source code to Ast structure ( 0.196s )
[PhaseTime] dump Ast to *.dot file ( 0.234s )
[PhaseTime] generate bytecode from Ast ( 0.065s )
[PhaseTime] dump bytecode ( 0.042s )
[PhaseTime] set up everything about VM ( 0.003s )
[PhaseTime] parse source code to Ast structure ( 0.14s )
[PhaseTime] dump Ast to *.dot file ( 0.192s )
[PhaseTime] generate bytecode from Ast ( 0.044s )
[PhaseTime] dump bytecode ( 0.034s )
[PhaseTime] set up everything about VM ( 0.003s )
[PhaseTime] parse source code to Ast structure ( 0.127s )
[PhaseTime] dump Ast to *.dot file ( 0.198s )
[PhaseTime] generate bytecode from Ast ( 0.074s )
[PhaseTime] dump bytecode ( 0.016s )
[PhaseTime] set up everything about VM ( 0.003s )
[PhaseTime] parse source code to Ast structure ( 0.139s )
[PhaseTime] dump Ast to *.dot file ( 0.218s )
[PhaseTime] generate bytecode from Ast ( 0.075s )
[PhaseTime] dump bytecode ( 0.008s )
[PhaseTime] set up everything about VM ( 0.004s )
[PhaseTime] parse source code to Ast structure ( 0.132s )
[PhaseTime] dump Ast to *.dot file ( 0.174s )
[PhaseTime] generate bytecode from Ast ( 0.034s )
[PhaseTime] dump bytecode ( 0.003s )
[PhaseTime] execute bytecodes via simple c++ interpreter ( 0.02s )
[PhaseTime] set up everything about VM ( 0.003s )
[PhaseTime] set up everything about VM ( 0.003s )
[PhaseTime] parse source code to Ast structure ( 0.273s )
[PhaseTime] dump Ast to *.dot file ( 0.51s )
[PhaseTime] generate bytecode from Ast ( 0.068s )
[PhaseTime] dump bytecode ( 0.078s )
[PhaseTime] set up everything about VM ( 0.004s )
[PhaseTime] parse source code to Ast structure ( 0.1s )
[PhaseTime] dump Ast to *.dot file ( 0.099s )
[PhaseTime] generate bytecode from Ast ( 0.04s )
[PhaseTime] dump bytecode ( 0.004s )
[PhaseTime] execute bytecodes via simple c++ interpreter ( 0.018s )
[PhaseTime] set up everything about VM ( 0.004s )
[PhaseTime] parse source code to Ast structure ( 0.086s )
[PhaseTime] dump Ast to *.dot file ( 0.086s )
[PhaseTime] generate bytecode from Ast ( 0.069s )
[PhaseTime] dump bytecode ( 0.021s )
[PhaseTime] set up everything about VM ( 0.003s )
[PhaseTime] set up everything about VM ( 0.004s )
[PhaseTime] parse source code to Ast structure ( 0.128s )
[PhaseTime] dump Ast to *.dot file ( 0.24s )
[PhaseTime] set up everything about VM ( 0.003s )
[PhaseTime] parse source code to Ast structure ( 0.31s )
[PhaseTime] dump Ast to *.dot file ( 0.632s )
[PhaseTime] generate bytecode from Ast ( 0.162s )
[PhaseTime] dump bytecode ( 0.156s )
[PhaseTime] execute bytecodes via simple c++ interpreter ( 0.184s )
[PhaseTime] set up everything about VM ( 0.002s )
[PhaseTime] parse source code to Ast structure ( 0.064s )
[PhaseTime] dump Ast to *.dot file ( 0.073s )
[PhaseTime] generate bytecode from Ast ( 0.021s )
[PhaseTime] dump bytecode ( 0.034s )
[PhaseTime] execute bytecodes via simple c++ interpreter ( 0.071s )
[PhaseTime] set up everything about VM ( 0.003s )
[PhaseTime] parse source code to Ast structure ( 0.234s )
[PhaseTime] dump Ast to *.dot file ( 0.38s )
[PhaseTime] generate bytecode from Ast ( 0.024s )
[PhaseTime] dump bytecode ( 0.017s )
[PhaseTime] execute bytecodes via simple c++ interpreter ( 0.02s )
[PhaseTime] set up everything about VM ( 0.004s )
[PhaseTime] parse source code to Ast structure ( 0.147s )
[PhaseTime] dump Ast to *.dot file ( 0.251s )
[PhaseTime] generate bytecode from Ast ( 0.059s )
[PhaseTime] dump bytecode ( 0.063s )
[PhaseTime] execute bytecodes via simple c++ interpreter ( 0.083s )
[PhaseTime] set up everything about VM ( 0.002s )
[PhaseTime] parse source code to Ast structure ( 0.092s )
[PhaseTime] dump Ast to *.dot file ( 0.156s )
[PhaseTime] generate bytecode from Ast ( 0.052s )
[PhaseTime] dump bytecode ( 0.039s )
[PhaseTime] set up everything about VM ( 0.003s )
[PhaseTime] parse source code to Ast structure ( 0.314s )
[PhaseTime] dump Ast to *.dot file ( 0.534s )
[PhaseTime] generate bytecode from Ast ( 0.103s )
[PhaseTime] dump bytecode ( 0.037s )
[PhaseTime] set up everything about VM ( 0.003s )
[PhaseTime] parse source code to Ast structure ( 0.031s )
[PhaseTime] dump Ast to *.dot file ( 0.024s )
[PhaseTime] generate bytecode from Ast ( 0.005s )
[PhaseTime] dump bytecode ( 0.003s )
[PhaseTime] execute bytecodes via simple c++ interpreter ( 0.011s )
[PhaseTime] set up everything about VM ( 0.003s )
[PhaseTime] parse source code to Ast structure ( 0.097s )
[PhaseTime] dump Ast to *.dot file ( 0.165s )
[PhaseTime] generate bytecode from Ast ( 0.047s )
[PhaseTime] dump bytecode ( 0.041s )
[PhaseTime] set up everything about VM ( 0.004s )
[PhaseTime] parse source code to Ast structure ( 0.195s )
[PhaseTime] dump Ast to *.dot file ( 0.405s )
[PhaseTime] generate bytecode from Ast ( 0.071s )
[PhaseTime] dump bytecode ( 0.082s )
[PhaseTime] set up everything about VM ( 0.003s )
[PhaseTime] parse source code to Ast structure ( 0.266s )
[PhaseTime] dump Ast to *.dot file ( 0.296s )
[PhaseTime] generate bytecode from Ast ( 0.058s )
[PhaseTime] dump bytecode ( 0.108s )
[PhaseTime] set up everything about VM ( 0.003s )
[PhaseTime] parse source code to Ast structure ( 0.286s )
[PhaseTime] dump Ast to *.dot file ( 0.504s )
[PhaseTime] generate bytecode from Ast ( 0.152s )
[PhaseTime] dump bytecode ( 0.019s )
[PhaseTime] set up everything about VM ( 0.002s )
[PhaseTime] parse source code to Ast structure ( 0.151s )
[PhaseTime] dump Ast to *.dot file ( 0.22s )
[PhaseTime] generate bytecode from Ast ( 0.058s )
[PhaseTime] dump bytecode ( 0.058s )
